# JRE version: OpenJDK Runtime Environment (8.0_242-b01) (build 1.8.0_242-release-1644-b01)
# Java VM: OpenJDK 64-Bit Server VM (25.242-b01 mixed mode windows-amd64 compressed oops)
Heap:
 PSYoungGen      total 426496K, used 375822K [0x00000000e0000000, 0x00000000ffe80000, 0x0000000100000000)
  eden space 367104K, 86% used [0x00000000e0000000,0x00000000f35077e0,0x00000000f6680000)
  from space 59392K, 99% used [0x00000000fab00000,0x00000000fe4fc170,0x00000000fe500000)
  to   space 70144K, 0% used [0x00000000f6680000,0x00000000f6680000,0x00000000fab00000)
 ParOldGen       total 188416K, used 125000K [0x00000000a0000000, 0x00000000ab800000, 0x00000000e0000000)
  object space 188416K, 66% used [0x00000000a0000000,0x00000000a7a12128,0x00000000ab800000)
 Metaspace       used 92851K, capacity 97358K, committed 97576K, reserved 1132544K
  class space    used 12636K, capacity 13606K, committed 13616K, reserved 1048576K
GC Heap History (10 events):
Event: 58.144 GC heap before
{Heap before GC invocations=15 (full 3):
 PSYoungGen      total 245760K, used 244433K [0x00000000e0000000, 0x00000000f3b00000, 0x0000000100000000)
  eden space 224768K, 100% used [0x00000000e0000000,0x00000000edb80000,0x00000000edb80000)
  from space 20992K, 93% used [0x00000000edb80000,0x00000000eeeb46b8,0x00000000ef000000)
  to   space 23040K, 0% used [0x00000000f2480000,0x00000000f2480000,0x00000000f3b00000)
 ParOldGen       total 188416K, used 37167K [0x00000000a0000000, 0x00000000ab800000, 0x00000000e0000000)
  object space 188416K, 19% used [0x00000000a0000000,0x00000000a244bed0,0x00000000ab800000)
 Metaspace       used 81050K, capacity 84266K, committed 84392K, reserved 1122304K
  class space    used 10948K, capacity 11666K, committed 11696K, reserved 1048576K
Event: 58.212 GC heap after
Heap after GC invocations=15 (full 3):
 PSYoungGen      total 291328K, used 23018K [0x00000000e0000000, 0x00000000f4400000, 0x0000000100000000)
  eden space 268288K, 0% used [0x00000000e0000000,0x00000000e0000000,0x00000000f0600000)
  from space 23040K, 99% used [0x00000000f2480000,0x00000000f3afa9b8,0x00000000f3b00000)
  to   space 31232K, 0% used [0x00000000f0600000,0x00000000f0600000,0x00000000f2480000)
 ParOldGen       total 188416K, used 50917K [0x00000000a0000000, 0x00000000ab800000, 0x00000000e0000000)
  object space 188416K, 27% used [0x00000000a0000000,0x00000000a31b96c8,0x00000000ab800000)
 Metaspace       used 81050K, capacity 84266K, committed 84392K, reserved 1122304K
  class space    used 10948K, capacity 11666K, committed 11696K, reserved 1048576K
}
Event: 60.460 GC heap before
{Heap before GC invocations=16 (full 3):
 PSYoungGen      total 291328K, used 291306K [0x00000000e0000000, 0x00000000f4400000, 0x0000000100000000)
  eden space 268288K, 100% used [0x00000000e0000000,0x00000000f0600000,0x00000000f0600000)
  from space 23040K, 99% used [0x00000000f2480000,0x00000000f3afa9b8,0x00000000f3b00000)
  to   space 31232K, 0% used [0x00000000f0600000,0x00000000f0600000,0x00000000f2480000)
 ParOldGen       total 188416K, used 50917K [0x00000000a0000000, 0x00000000ab800000, 0x00000000e0000000)
  object space 188416K, 27% used [0x00000000a0000000,0x00000000a31b96c8,0x00000000ab800000)
 Metaspace       used 89732K, capacity 93976K, committed 94120K, reserved 1130496K
  class space    used 12242K, capacity 13105K, committed 13232K, reserved 1048576K
Event: 60.531 GC heap after
Heap after GC invocations=16 (full 3):
 PSYoungGen      total 299520K, used 31225K [0x00000000e0000000, 0x00000000f8e80000, 0x0000000100000000)
  eden space 268288K, 0% used [0x00000000e0000000,0x00000000e0000000,0x00000000f0600000)
  from space 31232K, 99% used [0x00000000f0600000,0x00000000f247e610,0x00000000f2480000)
  to   space 40448K, 0% used [0x00000000f6700000,0x00000000f6700000,0x00000000f8e80000)
 ParOldGen       total 188416K, used 63730K [0x00000000a0000000, 0x00000000ab800000, 0x00000000e0000000)
  object space 188416K, 33% used [0x00000000a0000000,0x00000000a3e3ca68,0x00000000ab800000)
 Metaspace       used 89732K, capacity 93976K, committed 94120K, reserved 1130496K
  class space    used 12242K, capacity 13105K, committed 13232K, reserved 1048576K
}
Event: 63.248 GC heap before
{Heap before GC invocations=17 (full 3):
 PSYoungGen      total 299520K, used 299513K [0x00000000e0000000, 0x00000000f8e80000, 0x0000000100000000)
  eden space 268288K, 100% used [0x00000000e0000000,0x00000000f0600000,0x00000000f0600000)
  from space 31232K, 99% used [0x00000000f0600000,0x00000000f247e610,0x00000000f2480000)
  to   space 40448K, 0% used [0x00000000f6700000,0x00000000f6700000,0x00000000f8e80000)
 ParOldGen       total 188416K, used 63730K [0x00000000a0000000, 0x00000000ab800000, 0x00000000e0000000)
  object space 188416K, 33% used [0x00000000a0000000,0x00000000a3e3ca68,0x00000000ab800000)
 Metaspace       used 91411K, capacity 95788K, committed 95912K, reserved 1132544K
  class space    used 12441K, capacity 13371K, committed 13488K, reserved 1048576K
Event: 63.350 GC heap after
Heap after GC invocations=17 (full 3):
 PSYoungGen      total 349184K, used 40442K [0x00000000e0000000, 0x00000000fb900000, 0x0000000100000000)
  eden space 308736K, 0% used [0x00000000e0000000,0x00000000e0000000,0x00000000f2d80000)
  from space 40448K, 99% used [0x00000000f6700000,0x00000000f8e7ea90,0x00000000f8e80000)
  to   space 58880K, 0% used [0x00000000f2d80000,0x00000000f2d80000,0x00000000f6700000)
 ParOldGen       total 188416K, used 97750K [0x00000000a0000000, 0x00000000ab800000, 0x00000000e0000000)
  object space 188416K, 51% used [0x00000000a0000000,0x00000000a5f75978,0x00000000ab800000)
 Metaspace       used 91411K, capacity 95788K, committed 95912K, reserved 1132544K
  class space    used 12441K, capacity 13371K, committed 13488K, reserved 1048576K
}
Event: 67.112 GC heap before
{Heap before GC invocations=18 (full 3):
 PSYoungGen      total 349184K, used 349178K [0x00000000e0000000, 0x00000000fb900000, 0x0000000100000000)
  eden space 308736K, 100% used [0x00000000e0000000,0x00000000f2d80000,0x00000000f2d80000)
  from space 40448K, 99% used [0x00000000f6700000,0x00000000f8e7ea90,0x00000000f8e80000)
  to   space 58880K, 0% used [0x00000000f2d80000,0x00000000f2d80000,0x00000000f6700000)
 ParOldGen       total 188416K, used 97750K [0x00000000a0000000, 0x00000000ab800000, 0x00000000e0000000)
  object space 188416K, 51% used [0x00000000a0000000,0x00000000a5f75978,0x00000000ab800000)
 Metaspace       used 91886K, capacity 96282K, committed 96424K, reserved 1132544K
  class space    used 12497K, capacity 13422K, committed 13488K, reserved 1048576K
Event: 67.157 GC heap after
Heap after GC invocations=18 (full 3):
 PSYoungGen      total 367616K, used 936K [0x00000000e0000000, 0x00000000fe500000, 0x0000000100000000)
  eden space 308736K, 0% used [0x00000000e0000000,0x00000000e0000000,0x00000000f2d80000)
  from space 58880K, 1% used [0x00000000f2d80000,0x00000000f2e6a010,0x00000000f6700000)
  to   space 59392K, 0% used [0x00000000fab00000,0x00000000fab00000,0x00000000fe500000)
 ParOldGen       total 188416K, used 115247K [0x00000000a0000000, 0x00000000ab800000, 0x00000000e0000000)
  object space 188416K, 61% used [0x00000000a0000000,0x00000000a708bf38,0x00000000ab800000)
 Metaspace       used 91886K, capacity 96282K, committed 96424K, reserved 1132544K
  class space    used 12497K, capacity 13422K, committed 13488K, reserved 1048576K
}
Event: 68.088 GC heap before
{Heap before GC invocations=19 (full 3):
 PSYoungGen      total 367616K, used 304220K [0x00000000e0000000, 0x00000000fe500000, 0x0000000100000000)
  eden space 308736K, 98% used [0x00000000e0000000,0x00000000f282d028,0x00000000f2d80000)
  from space 58880K, 1% used [0x00000000f2d80000,0x00000000f2e6a010,0x00000000f6700000)
  to   space 59392K, 0% used [0x00000000fab00000,0x00000000fab00000,0x00000000fe500000)
 ParOldGen       total 188416K, used 123439K [0x00000000a0000000, 0x00000000ab800000, 0x00000000e0000000)
  object space 188416K, 65% used [0x00000000a0000000,0x00000000a788bf48,0x00000000ab800000)
 Metaspace       used 92494K, capacity 96960K, committed 97320K, reserved 1132544K
  class space    used 12580K, capacity 13499K, committed 13616K, reserved 1048576K
Event: 68.118 GC heap after
Heap after GC invocations=19 (full 3):
 PSYoungGen      total 426496K, used 59376K [0x00000000e0000000, 0x00000000ffe80000, 0x0000000100000000)
  eden space 367104K, 0% used [0x00000000e0000000,0x00000000e0000000,0x00000000f6680000)
  from space 59392K, 99% used [0x00000000fab00000,0x00000000fe4fc170,0x00000000fe500000)
  to   space 70144K, 0% used [0x00000000f6680000,0x00000000f6680000,0x00000000fab00000)
 ParOldGen       total 188416K, used 125000K [0x00000000a0000000, 0x00000000ab800000, 0x00000000e0000000)
  object space 188416K, 66% used [0x00000000a0000000,0x00000000a7a12128,0x00000000ab800000)
 Metaspace       used 92494K, capacity 96960K, committed 97320K, reserved 1132544K
  class space    used 12580K, capacity 13499K, committed 13616K, reserved 1048576K
}

